<?xml version="1.0" encoding="UTF-8"?>
<!-- Generated by org.testng.reporters.JUnitReportReporter -->
<testsuite hostname="LAPTOP-FIBF72P4" name="jenkinsbat.a" tests="1" failures="0" timestamp="18 Mar 2019 01:32:08 GMT" time="4.410" errors="0">
  <testcase name="baidu" time="4.410" classname="jenkinsbat.a"/>
</testsuite> <!-- jenkinsbat.a -->
